Compiling the C compiler identification source file "CMakeCCompilerId.c" failed.
Compiler: C:/Program Files (x86)/Microsoft Visual Studio/2019/Community/VC/Tools/MSVC/14.25.28610/bin/HostX64/x64/cl.exe 
Build flags: 
Id flags:  

The output was:
2
Оптимизирующий компилятор Microsoft (R) C/C++ версии 19.25.28614 для x64
(C) Корпорация Майкрософт (Microsoft Corporation).  Все права защищены.

CMakeCCompilerId.c
Microsoft (R) Incremental Linker Version 14.25.28614.0
Copyright (C) Microsoft Corporation.  All rights reserved.

/out:CMakeCCompilerId.exe 
CMakeCCompilerId.obj 
LINK : fatal error LNK1104: не удается открыть файл "kernel32.lib"


Compiling the CXX compiler identification source file "CMakeCXXCompilerId.cpp" failed.
Compiler: C:/Program Files (x86)/Microsoft Visual Studio/2019/Community/VC/Tools/MSVC/14.25.28610/bin/HostX64/x64/cl.exe 
Build flags: 
Id flags:  

The output was:
2
Оптимизирующий компилятор Microsoft (R) C/C++ версии 19.25.28614 для x64
(C) Корпорация Майкрософт (Microsoft Corporation).  Все права защищены.

CMakeCXXCompilerId.cpp
Microsoft (R) Incremental Linker Version 14.25.28614.0
Copyright (C) Microsoft Corporation.  All rights reserved.

/out:CMakeCXXCompilerId.exe 
CMakeCXXCompilerId.obj 
LINK : fatal error LNK1104: не удается открыть файл "kernel32.lib"


Determining if the C compiler works failed with the following output:
Change Dir: D:/Github Repositories/Dungeon-runner/out/build/x64-Debug/CMakeFiles/CMakeTmp

Run Build Command(s):C:/Program Files (x86)/Microsoft Visual Studio/2019/Community/Common7/IDE/CommonExtensions/Microsoft/CMake/Ninja/ninja.exe cmTC_5ab5c && [1/2] Building C object CMakeFiles\cmTC_5ab5c.dir\testCCompiler.c.obj
[2/2] Linking C executable cmTC_5ab5c.exe
FAILED: cmTC_5ab5c.exe 
cmd.exe /C "cd . && "C:\Program Files (x86)\Microsoft Visual Studio\2019\Community\Common7\IDE\CommonExtensions\Microsoft\CMake\CMake\bin\cmake.exe" -E vs_link_exe --intdir=CMakeFiles\cmTC_5ab5c.dir --rc=rc --mt=CMAKE_MT-NOTFOUND --manifests  -- C:\PROGRA~2\MICROS~1\2019\COMMUN~1\VC\Tools\MSVC\1425~1.286\bin\Hostx64\x64\link.exe /nologo CMakeFiles\cmTC_5ab5c.dir\testCCompiler.c.obj  /out:cmTC_5ab5c.exe /implib:cmTC_5ab5c.lib /pdb:cmTC_5ab5c.pdb /version:0.0  /machine:x64  /debug /INCREMENTAL /subsystem:console  kernel32.lib user32.lib gdi32.lib winspool.lib shell32.lib ole32.lib oleaut32.lib uuid.lib comdlg32.lib advapi32.lib && cd ."
RC Pass 1: command "rc /fo CMakeFiles\cmTC_5ab5c.dir/manifest.res CMakeFiles\cmTC_5ab5c.dir/manifest.rc" failed (exit code 0) with the following output:
Не удается найти указанный файл
ninja: build stopped: subcommand failed.



Compiling the C compiler identification source file "CMakeCCompilerId.c" failed.
Compiler: C:/Program Files (x86)/Microsoft Visual Studio/2019/Community/VC/Tools/MSVC/14.25.28610/bin/HostX64/x64/cl.exe 
Build flags: /DWIN32;/D_WINDOWS;/W3
Id flags:  

The output was:
2
Оптимизирующий компилятор Microsoft (R) C/C++ версии 19.25.28614 для x64
(C) Корпорация Майкрософт (Microsoft Corporation).  Все права защищены.

CMakeCCompilerId.c
Microsoft (R) Incremental Linker Version 14.25.28614.0
Copyright (C) Microsoft Corporation.  All rights reserved.

/out:CMakeCCompilerId.exe 
CMakeCCompilerId.obj 
LINK : fatal error LNK1104: не удается открыть файл "kernel32.lib"


Compiling the CXX compiler identification source file "CMakeCXXCompilerId.cpp" failed.
Compiler: C:/Program Files (x86)/Microsoft Visual Studio/2019/Community/VC/Tools/MSVC/14.25.28610/bin/HostX64/x64/cl.exe 
Build flags: 
Id flags:  

The output was:
2
Оптимизирующий компилятор Microsoft (R) C/C++ версии 19.25.28614 для x64
(C) Корпорация Майкрософт (Microsoft Corporation).  Все права защищены.

CMakeCXXCompilerId.cpp
Microsoft (R) Incremental Linker Version 14.25.28614.0
Copyright (C) Microsoft Corporation.  All rights reserved.

/out:CMakeCXXCompilerId.exe 
CMakeCXXCompilerId.obj 
LINK : fatal error LNK1104: не удается открыть файл "kernel32.lib"


Determining if the C compiler works failed with the following output:
Change Dir: D:/Github Repositories/Dungeon-runner/out/build/x64-Debug/CMakeFiles/CMakeTmp

Run Build Command(s):C:/Program Files (x86)/Microsoft Visual Studio/2019/Community/Common7/IDE/CommonExtensions/Microsoft/CMake/Ninja/ninja.exe cmTC_01cc6 && [1/2] Building C object CMakeFiles\cmTC_01cc6.dir\testCCompiler.c.obj
[2/2] Linking C executable cmTC_01cc6.exe
FAILED: cmTC_01cc6.exe 
cmd.exe /C "cd . && "C:\Program Files (x86)\Microsoft Visual Studio\2019\Community\Common7\IDE\CommonExtensions\Microsoft\CMake\CMake\bin\cmake.exe" -E vs_link_exe --intdir=CMakeFiles\cmTC_01cc6.dir --rc=rc --mt=CMAKE_MT-NOTFOUND --manifests  -- C:\PROGRA~2\MICROS~1\2019\COMMUN~1\VC\Tools\MSVC\1425~1.286\bin\Hostx64\x64\link.exe /nologo CMakeFiles\cmTC_01cc6.dir\testCCompiler.c.obj  /out:cmTC_01cc6.exe /implib:cmTC_01cc6.lib /pdb:cmTC_01cc6.pdb /version:0.0  /machine:x64  /debug /INCREMENTAL /subsystem:console  kernel32.lib user32.lib gdi32.lib winspool.lib shell32.lib ole32.lib oleaut32.lib uuid.lib comdlg32.lib advapi32.lib && cd ."
RC Pass 1: command "rc /fo CMakeFiles\cmTC_01cc6.dir/manifest.res CMakeFiles\cmTC_01cc6.dir/manifest.rc" failed (exit code 0) with the following output:
Не удается найти указанный файл
ninja: build stopped: subcommand failed.



Compiling the C compiler identification source file "CMakeCCompilerId.c" failed.
Compiler: C:/Program Files (x86)/Microsoft Visual Studio/2019/Community/VC/Tools/MSVC/14.25.28610/bin/HostX64/x64/cl.exe 
Build flags: /DWIN32;/D_WINDOWS;/W3
Id flags:  

The output was:
2
Оптимизирующий компилятор Microsoft (R) C/C++ версии 19.25.28614 для x64
(C) Корпорация Майкрософт (Microsoft Corporation).  Все права защищены.

CMakeCCompilerId.c
Microsoft (R) Incremental Linker Version 14.25.28614.0
Copyright (C) Microsoft Corporation.  All rights reserved.

/out:CMakeCCompilerId.exe 
CMakeCCompilerId.obj 
LINK : fatal error LNK1104: не удается открыть файл "kernel32.lib"


Compiling the CXX compiler identification source file "CMakeCXXCompilerId.cpp" failed.
Compiler: C:/Program Files (x86)/Microsoft Visual Studio/2019/Community/VC/Tools/MSVC/14.25.28610/bin/HostX64/x64/cl.exe 
Build flags: 
Id flags:  

The output was:
2
Оптимизирующий компилятор Microsoft (R) C/C++ версии 19.25.28614 для x64
(C) Корпорация Майкрософт (Microsoft Corporation).  Все права защищены.

CMakeCXXCompilerId.cpp
Microsoft (R) Incremental Linker Version 14.25.28614.0
Copyright (C) Microsoft Corporation.  All rights reserved.

/out:CMakeCXXCompilerId.exe 
CMakeCXXCompilerId.obj 
LINK : fatal error LNK1104: не удается открыть файл "kernel32.lib"


Determining if the C compiler works failed with the following output:
Change Dir: D:/Github Repositories/Dungeon-runner/out/build/x64-Debug/CMakeFiles/CMakeTmp

Run Build Command(s):C:/Program Files (x86)/Microsoft Visual Studio/2019/Community/Common7/IDE/CommonExtensions/Microsoft/CMake/Ninja/ninja.exe cmTC_bf1ab && [1/2] Building C object CMakeFiles\cmTC_bf1ab.dir\testCCompiler.c.obj
[2/2] Linking C executable cmTC_bf1ab.exe
FAILED: cmTC_bf1ab.exe 
cmd.exe /C "cd . && "C:\Program Files (x86)\Microsoft Visual Studio\2019\Community\Common7\IDE\CommonExtensions\Microsoft\CMake\CMake\bin\cmake.exe" -E vs_link_exe --intdir=CMakeFiles\cmTC_bf1ab.dir --rc=rc --mt=CMAKE_MT-NOTFOUND --manifests  -- C:\PROGRA~2\MICROS~1\2019\COMMUN~1\VC\Tools\MSVC\1425~1.286\bin\Hostx64\x64\link.exe /nologo CMakeFiles\cmTC_bf1ab.dir\testCCompiler.c.obj  /out:cmTC_bf1ab.exe /implib:cmTC_bf1ab.lib /pdb:cmTC_bf1ab.pdb /version:0.0  /machine:x64  /debug /INCREMENTAL /subsystem:console  kernel32.lib user32.lib gdi32.lib winspool.lib shell32.lib ole32.lib oleaut32.lib uuid.lib comdlg32.lib advapi32.lib && cd ."
RC Pass 1: command "rc /fo CMakeFiles\cmTC_bf1ab.dir/manifest.res CMakeFiles\cmTC_bf1ab.dir/manifest.rc" failed (exit code 0) with the following output:
Не удается найти указанный файл
ninja: build stopped: subcommand failed.



